<?xml version="1.0" encoding="UTF-8"?>
<!-- Generated by org.testng.reporters.JUnitReportReporter -->
<testsuite hostname="DESKTOP-V34R8TE" failures="0" tests="1" name="com.zoho.testscripts.demo" time="5.405" errors="0" timestamp="2025-05-21T21:33:56 IST" skipped="0">
  <testcase classname="com.zoho.testscripts.demo" name="demos" time="5.405"/>
</testsuite> <!-- com.zoho.testscripts.demo -->
