<?xml version="1.0" encoding="UTF-8"?>
<!-- Generated by org.testng.reporters.JUnitReportReporter -->
<testsuite hostname="DESKTOP-V34R8TE" failures="0" tests="1" name="com.zoho.testscripts.demo" time="21.485" errors="0" timestamp="2025-05-22T19:05:31 IST" skipped="0">
  <testcase classname="com.zoho.testscripts.demo" name="demos" time="21.485"/>
</testsuite> <!-- com.zoho.testscripts.demo -->
